# JRE version: Java(TM) SE Runtime Environment (8.0_121-b13) (build 1.8.0_121-b13)
# Java VM: Java HotSpot(TM) 64-Bit Server VM (25.121-b13 mixed mode windows-amd64 compressed oops)
Heap:
 PSYoungGen      total 38400K, used 11024K [0x00000000d5700000, 0x00000000d8700000, 0x0000000100000000)
  eden space 33280K, 17% used [0x00000000d5700000,0x00000000d5cc80c0,0x00000000d7780000)
  from space 5120K, 99% used [0x00000000d7780000,0x00000000d7c7c020,0x00000000d7c80000)
  to   space 5120K, 0% used [0x00000000d8200000,0x00000000d8200000,0x00000000d8700000)
 ParOldGen       total 75264K, used 15781K [0x0000000080400000, 0x0000000084d80000, 0x00000000d5700000)
  object space 75264K, 20% used [0x0000000080400000,0x0000000081369438,0x0000000084d80000)
 Metaspace       used 22685K, capacity 24110K, committed 24192K, reserved 1071104K
  class space    used 3139K, capacity 3416K, committed 3456K, reserved 1048576K
GC Heap History (8 events):
Event: 0.761 GC heap before
{Heap before GC invocations=1 (full 0):
 PSYoungGen      total 38400K, used 33280K [0x00000000d5700000, 0x00000000d8180000, 0x0000000100000000)
  eden space 33280K, 100% used [0x00000000d5700000,0x00000000d7780000,0x00000000d7780000)
  from space 5120K, 0% used [0x00000000d7c80000,0x00000000d7c80000,0x00000000d8180000)
  to   space 5120K, 0% used [0x00000000d7780000,0x00000000d7780000,0x00000000d7c80000)
 ParOldGen       total 87552K, used 0K [0x0000000080400000, 0x0000000085980000, 0x00000000d5700000)
  object space 87552K, 0% used [0x0000000080400000,0x0000000080400000,0x0000000085980000)
 Metaspace       used 12998K, capacity 13450K, committed 13568K, reserved 1060864K
  class space    used 1644K, capacity 1790K, committed 1792K, reserved 1048576K
Event: 0.766 GC heap after
Heap after GC invocations=1 (full 0):
 PSYoungGen      total 38400K, used 5108K [0x00000000d5700000, 0x00000000d8180000, 0x0000000100000000)
  eden space 33280K, 0% used [0x00000000d5700000,0x00000000d5700000,0x00000000d7780000)
  from space 5120K, 99% used [0x00000000d7780000,0x00000000d7c7d0a0,0x00000000d7c80000)
  to   space 5120K, 0% used [0x00000000d7c80000,0x00000000d7c80000,0x00000000d8180000)
 ParOldGen       total 87552K, used 651K [0x0000000080400000, 0x0000000085980000, 0x00000000d5700000)
  object space 87552K, 0% used [0x0000000080400000,0x00000000804a2e90,0x0000000085980000)
 Metaspace       used 12998K, capacity 13450K, committed 13568K, reserved 1060864K
  class space    used 1644K, capacity 1790K, committed 1792K, reserved 1048576K
}
Event: 1.568 GC heap before
{Heap before GC invocations=2 (full 0):
 PSYoungGen      total 38400K, used 34872K [0x00000000d5700000, 0x00000000d8180000, 0x0000000100000000)
  eden space 33280K, 89% used [0x00000000d5700000,0x00000000d7410f88,0x00000000d7780000)
  from space 5120K, 99% used [0x00000000d7780000,0x00000000d7c7d0a0,0x00000000d7c80000)
  to   space 5120K, 0% used [0x00000000d7c80000,0x00000000d7c80000,0x00000000d8180000)
 ParOldGen       total 87552K, used 651K [0x0000000080400000, 0x0000000085980000, 0x00000000d5700000)
  object space 87552K, 0% used [0x0000000080400000,0x00000000804a2e90,0x0000000085980000)
 Metaspace       used 20072K, capacity 21204K, committed 21248K, reserved 1067008K
  class space    used 2849K, capacity 3065K, committed 3072K, reserved 1048576K
Event: 1.577 GC heap after
Heap after GC invocations=2 (full 0):
 PSYoungGen      total 38400K, used 5088K [0x00000000d5700000, 0x00000000d8180000, 0x0000000100000000)
  eden space 33280K, 0% used [0x00000000d5700000,0x00000000d5700000,0x00000000d7780000)
  from space 5120K, 99% used [0x00000000d7c80000,0x00000000d8178040,0x00000000d8180000)
  to   space 5120K, 0% used [0x00000000d7780000,0x00000000d7780000,0x00000000d7c80000)
 ParOldGen       total 87552K, used 4939K [0x0000000080400000, 0x0000000085980000, 0x00000000d5700000)
  object space 87552K, 5% used [0x0000000080400000,0x00000000808d2e98,0x0000000085980000)
 Metaspace       used 20072K, capacity 21204K, committed 21248K, reserved 1067008K
  class space    used 2849K, capacity 3065K, committed 3072K, reserved 1048576K
}
Event: 1.577 GC heap before
{Heap before GC invocations=3 (full 1):
 PSYoungGen      total 38400K, used 5088K [0x00000000d5700000, 0x00000000d8180000, 0x0000000100000000)
  eden space 33280K, 0% used [0x00000000d5700000,0x00000000d5700000,0x00000000d7780000)
  from space 5120K, 99% used [0x00000000d7c80000,0x00000000d8178040,0x00000000d8180000)
  to   space 5120K, 0% used [0x00000000d7780000,0x00000000d7780000,0x00000000d7c80000)
 ParOldGen       total 87552K, used 4939K [0x0000000080400000, 0x0000000085980000, 0x00000000d5700000)
  object space 87552K, 5% used [0x0000000080400000,0x00000000808d2e98,0x0000000085980000)
 Metaspace       used 20072K, capacity 21204K, committed 21248K, reserved 1067008K
  class space    used 2849K, capacity 3065K, committed 3072K, reserved 1048576K
Event: 1.638 GC heap after
Heap after GC invocations=3 (full 1):
 PSYoungGen      total 38400K, used 0K [0x00000000d5700000, 0x00000000d8180000, 0x0000000100000000)
  eden space 33280K, 0% used [0x00000000d5700000,0x00000000d5700000,0x00000000d7780000)
  from space 5120K, 0% used [0x00000000d7c80000,0x00000000d7c80000,0x00000000d8180000)
  to   space 5120K, 0% used [0x00000000d7780000,0x00000000d7780000,0x00000000d7c80000)
 ParOldGen       total 75264K, used 9349K [0x0000000080400000, 0x0000000084d80000, 0x00000000d5700000)
  object space 75264K, 12% used [0x0000000080400000,0x0000000080d21428,0x0000000084d80000)
 Metaspace       used 20072K, capacity 21204K, committed 21248K, reserved 1067008K
  class space    used 2849K, capacity 3065K, committed 3072K, reserved 1048576K
}
Event: 4.531 GC heap before
{Heap before GC invocations=4 (full 1):
 PSYoungGen      total 38400K, used 33280K [0x00000000d5700000, 0x00000000d8180000, 0x0000000100000000)
  eden space 33280K, 100% used [0x00000000d5700000,0x00000000d7780000,0x00000000d7780000)
  from space 5120K, 0% used [0x00000000d7c80000,0x00000000d7c80000,0x00000000d8180000)
  to   space 5120K, 0% used [0x00000000d7780000,0x00000000d7780000,0x00000000d7c80000)
 ParOldGen       total 75264K, used 9349K [0x0000000080400000, 0x0000000084d80000, 0x00000000d5700000)
  object space 75264K, 12% used [0x0000000080400000,0x0000000080d21428,0x0000000084d80000)
 Metaspace       used 22293K, capacity 23654K, committed 23936K, reserved 1069056K
  class space    used 3068K, capacity 3356K, committed 3456K, reserved 1048576K
Event: 4.541 GC heap after
Heap after GC invocations=4 (full 1):
 PSYoungGen      total 38400K, used 5104K [0x00000000d5700000, 0x00000000d8700000, 0x0000000100000000)
  eden space 33280K, 0% used [0x00000000d5700000,0x00000000d5700000,0x00000000d7780000)
  from space 5120K, 99% used [0x00000000d7780000,0x00000000d7c7c020,0x00000000d7c80000)
  to   space 5120K, 0% used [0x00000000d8200000,0x00000000d8200000,0x00000000d8700000)
 ParOldGen       total 75264K, used 15781K [0x0000000080400000, 0x0000000084d80000, 0x00000000d5700000)
  object space 75264K, 20% used [0x0000000080400000,0x0000000081369438,0x0000000084d80000)
 Metaspace       used 22293K, capacity 23654K, committed 23936K, reserved 1069056K
  class space    used 3068K, capacity 3356K, committed 3456K, reserved 1048576K
}

